<?xml version="1.0" encoding="UTF-8"?>
<robot generator="Robot 3.2.2 (Python 3.9.2 on win32)" generated="20210813 00:06:07.786" rpa="false">
<suite id="s1" name="HouseHunt" source="C:\Users\PRAGATI\PycharmProjects\RobotFramework\Tests\HouseHunt.robot">
<test id="s1-t1" name="House Hunt TestCases">
<kw name="Given I navigate to" library="HouseHuntSD">
<arguments>
<arg>https://househunt.london.ac.uk/</arg>
<arg>chrome</arg>
</arguments>
<kw name="Open Browser" library="SeleniumLibrary">
<doc>Opens a new browser instance to the optional ``url``.</doc>
<arguments>
<arg>${URL}</arg>
<arg>${Browser}</arg>
</arguments>
<msg timestamp="20210813 00:06:08.031" level="INFO">Opening browser 'chrome' to base url 'https://househunt.london.ac.uk/'.</msg>
<status status="PASS" starttime="20210813 00:06:08.031" endtime="20210813 00:06:14.276"></status>
</kw>
<kw name="Maximize Browser Window" library="SeleniumLibrary">
<doc>Maximizes current browser window.</doc>
<status status="PASS" starttime="20210813 00:06:14.276" endtime="20210813 00:06:14.421"></status>
</kw>
<status status="PASS" starttime="20210813 00:06:08.031" endtime="20210813 00:06:14.421"></status>
</kw>
<kw name="When I click on Find Your Property" library="HouseHuntSD">
<kw name="Click on Find Your Property" library="HouseHuntHome">
<kw name="Click Element" library="SeleniumLibrary">
<doc>Click the element identified by ``locator``.</doc>
<arguments>
<arg>${FindYourPropXpath}</arg>
</arguments>
<msg timestamp="20210813 00:06:14.421" level="INFO">Clicking element '//a[text()='Find Your Property']'.</msg>
<status status="PASS" starttime="20210813 00:06:14.421" endtime="20210813 00:06:14.572"></status>
</kw>
<status status="PASS" starttime="20210813 00:06:14.421" endtime="20210813 00:06:14.573"></status>
</kw>
<kw name="Switch a window" library="HouseHuntHome">
<kw name="Wait Until Page Contains" library="SeleniumLibrary">
<doc>Waits until ``text`` appears on the current page.</doc>
<arguments>
<arg>Search</arg>
</arguments>
<status status="PASS" starttime="20210813 00:06:14.574" endtime="20210813 00:06:14.605"></status>
</kw>
<kw name="Switch Window" library="SeleniumLibrary">
<doc>Switches to browser window matching ``locator``.</doc>
<arguments>
<arg>title:Find Your Property | University of London Housing Services</arg>
</arguments>
<status status="PASS" starttime="20210813 00:06:14.605" endtime="20210813 00:06:17.759"></status>
</kw>
<status status="PASS" starttime="20210813 00:06:14.573" endtime="20210813 00:06:17.759"></status>
</kw>
<status status="PASS" starttime="20210813 00:06:14.421" endtime="20210813 00:06:17.759"></status>
</kw>
<kw name="And Click on search" library="HouseHuntSD">
<kw name="Click on searchbox" library="HouseHuntProperty">
<kw name="Click Element" library="SeleniumLibrary">
<doc>Click the element identified by ``locator``.</doc>
<arguments>
<arg>${SerachElemXpath}</arg>
</arguments>
<msg timestamp="20210813 00:06:17.767" level="INFO">Clicking element '//div[@id='block-menu_block-2']/descendant::a'.</msg>
<status status="PASS" starttime="20210813 00:06:17.767" endtime="20210813 00:06:19.385"></status>
</kw>
<status status="PASS" starttime="20210813 00:06:17.767" endtime="20210813 00:06:19.385"></status>
</kw>
<status status="PASS" starttime="20210813 00:06:17.759" endtime="20210813 00:06:19.385"></status>
</kw>
<kw name="And Select Value as &quot;Royal Academy of Music (RAM)&quot;" library="HouseHuntSD">
<kw name="Select university as ${University}" library="HouseHuntProperty">
<kw name="Wait Until Page Contains" library="SeleniumLibrary">
<doc>Waits until ``text`` appears on the current page.</doc>
<arguments>
<arg>Search A Property</arg>
</arguments>
<status status="PASS" starttime="20210813 00:06:19.385" endtime="20210813 00:06:19.411"></status>
</kw>
<kw name="Click Element" library="SeleniumLibrary">
<doc>Click the element identified by ``locator``.</doc>
<arguments>
<arg>${UniversitySearchBoxXpath}</arg>
</arguments>
<msg timestamp="20210813 00:06:19.411" level="INFO">Clicking element '//div[text()=' University ']'.</msg>
<status status="PASS" starttime="20210813 00:06:19.411" endtime="20210813 00:06:19.523"></status>
</kw>
<kw name="Sleep" library="BuiltIn">
<doc>Pauses the test executed for the given time.</doc>
<arguments>
<arg>2s</arg>
</arguments>
<msg timestamp="20210813 00:06:21.523" level="INFO">Slept 2 seconds</msg>
<status status="PASS" starttime="20210813 00:06:19.523" endtime="20210813 00:06:21.523"></status>
</kw>
<kw name="Input Text" library="SeleniumLibrary">
<doc>Types the given ``text`` into the text field identified by ``locator``.</doc>
<arguments>
<arg>${UniversityValueXpath}</arg>
<arg>royal</arg>
</arguments>
<msg timestamp="20210813 00:06:21.523" level="INFO">Typing text 'royal' into text field '//div[@class='filter ng-star-inserted']/input'.</msg>
<status status="PASS" starttime="20210813 00:06:21.523" endtime="20210813 00:06:21.682"></status>
</kw>
<kw name="Replace String" library="String">
<doc>Replaces ``search_for`` in the given ``string`` with ``replace_with``.</doc>
<arguments>
<arg>${UniversityNameXpath}</arg>
<arg>&lt;UniversityName&gt;</arg>
<arg>${University}</arg>
</arguments>
<assign>
<var>${UniversityNameXpath}</var>
</assign>
<msg timestamp="20210813 00:06:21.682" level="INFO">${UniversityNameXpath} = //li/span[text()="Royal Academy of Music (RAM)"]</msg>
<status status="PASS" starttime="20210813 00:06:21.682" endtime="20210813 00:06:21.682"></status>
</kw>
<kw name="Wait Until Page Contains" library="SeleniumLibrary">
<doc>Waits until ``text`` appears on the current page.</doc>
<arguments>
<arg>RAM</arg>
</arguments>
<status status="PASS" starttime="20210813 00:06:21.682" endtime="20210813 00:06:21.703"></status>
</kw>
<kw name="Click Element" library="SeleniumLibrary">
<doc>Click the element identified by ``locator``.</doc>
<arguments>
<arg>${UniversityNameXpath}</arg>
</arguments>
<msg timestamp="20210813 00:06:21.703" level="INFO">Clicking element '//li/span[text()="Royal Academy of Music (RAM)"]'.</msg>
<status status="PASS" starttime="20210813 00:06:21.703" endtime="20210813 00:06:21.753"></status>
</kw>
<status status="PASS" starttime="20210813 00:06:19.385" endtime="20210813 00:06:21.753"></status>
</kw>
<status status="PASS" starttime="20210813 00:06:19.385" endtime="20210813 00:06:21.761"></status>
</kw>
<kw name="And Click on Campus" library="HouseHuntSD">
<kw name="Select Campus as Main Campus" library="HouseHuntProperty">
<kw name="Click Element" library="SeleniumLibrary">
<doc>Click the element identified by ``locator``.</doc>
<arguments>
<arg>${CampusSearchBoxXpath}</arg>
</arguments>
<msg timestamp="20210813 00:06:21.761" level="INFO">Clicking element '//div[text()=' Campus ']'.</msg>
<status status="PASS" starttime="20210813 00:06:21.761" endtime="20210813 00:06:21.819"></status>
</kw>
<kw name="Click Element" library="SeleniumLibrary">
<doc>Click the element identified by ``locator``.</doc>
<arguments>
<arg>${CampusXpath}</arg>
</arguments>
<msg timestamp="20210813 00:06:21.819" level="INFO">Clicking element '//span[text()='Main Campus']'.</msg>
<status status="PASS" starttime="20210813 00:06:21.819" endtime="20210813 00:06:21.877"></status>
</kw>
<status status="PASS" starttime="20210813 00:06:21.761" endtime="20210813 00:06:21.877"></status>
</kw>
<status status="PASS" starttime="20210813 00:06:21.761" endtime="20210813 00:06:21.877"></status>
</kw>
<kw name="And Click on See Results" library="HouseHuntSD">
<kw name="Click on See Results Button" library="HouseHuntProperty">
<kw name="Click Button" library="SeleniumLibrary">
<doc>Clicks the button identified by ``locator``.</doc>
<arguments>
<arg>${SeeResultsXpath}</arg>
</arguments>
<msg timestamp="20210813 00:06:21.885" level="INFO">Clicking button '//button[text()='See Results']'.</msg>
<status status="PASS" starttime="20210813 00:06:21.885" endtime="20210813 00:06:21.963"></status>
</kw>
<status status="PASS" starttime="20210813 00:06:21.885" endtime="20210813 00:06:21.963"></status>
</kw>
<status status="PASS" starttime="20210813 00:06:21.885" endtime="20210813 00:06:21.963"></status>
</kw>
<kw name="And Sort the properties as &quot;Low to High&quot;" library="HouseHuntSD">
<kw name="Sort the properties with ${SortValue}" library="HouseHuntPropertyPage">
<kw name="Sleep" library="BuiltIn">
<doc>Pauses the test executed for the given time.</doc>
<arguments>
<arg>30s</arg>
</arguments>
<msg timestamp="20210813 00:06:51.977" level="INFO">Slept 30 seconds</msg>
<status status="PASS" starttime="20210813 00:06:21.963" endtime="20210813 00:06:51.977"></status>
</kw>
<kw name="Click Element" library="SeleniumLibrary">
<doc>Click the element identified by ``locator``.</doc>
<arguments>
<arg>${SortDropDownXpath}</arg>
</arguments>
<msg timestamp="20210813 00:06:51.977" level="INFO">Clicking element '//span[text()='Default']'.</msg>
<status status="PASS" starttime="20210813 00:06:51.977" endtime="20210813 00:06:52.111"></status>
</kw>
<kw name="Replace String" library="String">
<doc>Replaces ``search_for`` in the given ``string`` with ``replace_with``.</doc>
<arguments>
<arg>${SortValueXpath}</arg>
<arg>&lt;SortValue&gt;</arg>
<arg>${SortValue}</arg>
</arguments>
<assign>
<var>${SortValueXpath}</var>
</assign>
<msg timestamp="20210813 00:06:52.119" level="INFO">${SortValueXpath} = //span[contains(text(),"Low to High")]</msg>
<status status="PASS" starttime="20210813 00:06:52.119" endtime="20210813 00:06:52.119"></status>
</kw>
<kw name="Click Element" library="SeleniumLibrary">
<doc>Click the element identified by ``locator``.</doc>
<arguments>
<arg>${SortValueXpath}</arg>
</arguments>
<msg timestamp="20210813 00:06:52.119" level="INFO">Clicking element '//span[contains(text(),"Low to High")]'.</msg>
<status status="PASS" starttime="20210813 00:06:52.119" endtime="20210813 00:06:52.277"></status>
</kw>
<status status="PASS" starttime="20210813 00:06:21.963" endtime="20210813 00:06:52.277"></status>
</kw>
<status status="PASS" starttime="20210813 00:06:21.963" endtime="20210813 00:06:52.277"></status>
</kw>
<kw name="Then Print names of first 5 properties" library="HouseHuntSD">
<kw name="List of first 5 properties" library="HouseHuntPropertyPage">
<kw name="Sleep" library="BuiltIn">
<doc>Pauses the test executed for the given time.</doc>
<arguments>
<arg>20s</arg>
</arguments>
<msg timestamp="20210813 00:07:12.289" level="INFO">Slept 20 seconds</msg>
<status status="PASS" starttime="20210813 00:06:52.285" endtime="20210813 00:07:12.289"></status>
</kw>
<kw name="Get WebElements" library="SeleniumLibrary">
<doc>Returns a list of WebElement objects matching the ``locator``.</doc>
<arguments>
<arg>${ListOfPropertiesXPath}</arg>
</arguments>
<assign>
<var>@{ListOfProperties}</var>
</assign>
<msg timestamp="20210813 00:07:12.315" level="INFO">@{ListOfProperties} = [ &lt;selenium.webdriver.remote.webelement.WebElement (session="a0984cadd1c3660520c43cd19ee30a5a", element="9422ce45-19e7-40d9-aa62-c412a02a6703")&gt; | &lt;selenium.webdriver.remote.webelement.WebElement (ses...</msg>
<status status="PASS" starttime="20210813 00:07:12.289" endtime="20210813 00:07:12.315"></status>
</kw>
<kw name="${i} IN RANGE [ 0 | 4 ]" type="for">
<kw name="${i} = 0" type="foritem">
<kw name="Get Text" library="SeleniumLibrary">
<doc>Returns the text value of the element identified by ``locator``.</doc>
<arguments>
<arg>${ListOfProperties}[${i}]</arg>
</arguments>
<assign>
<var>${PropertyText}</var>
</assign>
<msg timestamp="20210813 00:07:12.339" level="INFO">${PropertyText} = Lewes House Greenhundred Road</msg>
<status status="PASS" starttime="20210813 00:07:12.315" endtime="20210813 00:07:12.339"></status>
</kw>
<kw name="Log To Console" library="BuiltIn">
<doc>Logs the given message to the console.</doc>
<arguments>
<arg>${PropertyText}</arg>
</arguments>
<status status="PASS" starttime="20210813 00:07:12.339" endtime="20210813 00:07:12.339"></status>
</kw>
<status status="PASS" starttime="20210813 00:07:12.315" endtime="20210813 00:07:12.339"></status>
</kw>
<kw name="${i} = 1" type="foritem">
<kw name="Get Text" library="SeleniumLibrary">
<doc>Returns the text value of the element identified by ``locator``.</doc>
<arguments>
<arg>${ListOfProperties}[${i}]</arg>
</arguments>
<assign>
<var>${PropertyText}</var>
</assign>
<msg timestamp="20210813 00:07:12.364" level="INFO">${PropertyText} = Herne Hill</msg>
<status status="PASS" starttime="20210813 00:07:12.339" endtime="20210813 00:07:12.364"></status>
</kw>
<kw name="Log To Console" library="BuiltIn">
<doc>Logs the given message to the console.</doc>
<arguments>
<arg>${PropertyText}</arg>
</arguments>
<status status="PASS" starttime="20210813 00:07:12.364" endtime="20210813 00:07:12.364"></status>
</kw>
<status status="PASS" starttime="20210813 00:07:12.339" endtime="20210813 00:07:12.364"></status>
</kw>
<kw name="${i} = 2" type="foritem">
<kw name="Get Text" library="SeleniumLibrary">
<doc>Returns the text value of the element identified by ``locator``.</doc>
<arguments>
<arg>${ListOfProperties}[${i}]</arg>
</arguments>
<assign>
<var>${PropertyText}</var>
</assign>
<msg timestamp="20210813 00:07:12.385" level="INFO">${PropertyText} = Penrose Street</msg>
<status status="PASS" starttime="20210813 00:07:12.364" endtime="20210813 00:07:12.385"></status>
</kw>
<kw name="Log To Console" library="BuiltIn">
<doc>Logs the given message to the console.</doc>
<arguments>
<arg>${PropertyText}</arg>
</arguments>
<status status="PASS" starttime="20210813 00:07:12.385" endtime="20210813 00:07:12.385"></status>
</kw>
<status status="PASS" starttime="20210813 00:07:12.364" endtime="20210813 00:07:12.385"></status>
</kw>
<kw name="${i} = 3" type="foritem">
<kw name="Get Text" library="SeleniumLibrary">
<doc>Returns the text value of the element identified by ``locator``.</doc>
<arguments>
<arg>${ListOfProperties}[${i}]</arg>
</arguments>
<assign>
<var>${PropertyText}</var>
</assign>
<msg timestamp="20210813 00:07:12.404" level="INFO">${PropertyText} = Shardcroft Avenue</msg>
<status status="PASS" starttime="20210813 00:07:12.385" endtime="20210813 00:07:12.404"></status>
</kw>
<kw name="Log To Console" library="BuiltIn">
<doc>Logs the given message to the console.</doc>
<arguments>
<arg>${PropertyText}</arg>
</arguments>
<status status="PASS" starttime="20210813 00:07:12.404" endtime="20210813 00:07:12.404"></status>
</kw>
<status status="PASS" starttime="20210813 00:07:12.385" endtime="20210813 00:07:12.404"></status>
</kw>
<status status="PASS" starttime="20210813 00:07:12.315" endtime="20210813 00:07:12.404"></status>
</kw>
<status status="PASS" starttime="20210813 00:06:52.285" endtime="20210813 00:07:12.404"></status>
</kw>
<status status="PASS" starttime="20210813 00:06:52.285" endtime="20210813 00:07:12.404"></status>
</kw>
<status status="PASS" starttime="20210813 00:06:08.031" endtime="20210813 00:07:12.404" critical="yes"></status>
</test>
<doc>Suite description</doc>
<status status="PASS" starttime="20210813 00:06:07.786" endtime="20210813 00:07:12.404"></status>
</suite>
<statistics>
<total>
<stat pass="1" fail="0">Critical Tests</stat>
<stat pass="1" fail="0">All Tests</stat>
</total>
<tag>
</tag>
<suite>
<stat pass="1" fail="0" id="s1" name="HouseHunt">HouseHunt</stat>
</suite>
</statistics>
<errors>
<msg timestamp="20210813 00:06:08.014" level="ERROR">Error in file 'C:\Users\PRAGATI\PycharmProjects\RobotFramework\Resource\Pages\HouseHuntHome.robot' on line 3: Importing test library 'RPA.Browser.Selenium' failed: ModuleNotFoundError: No module named 'RPA'
Traceback (most recent call last):
  None
PYTHONPATH:
  C:\Users\PRAGATI\Robot\Scripts\robot.exe
  C:\Python\python39.zip
  C:\Python\DLLs
  C:\Python\lib
  C:\Python
  c:\users\pragati\robot
  c:\users\pragati\robot\lib\site-packages</msg>
</errors>
</robot>
